<?xml version="1.0" encoding="UTF-8"?>
<!-- Generated by org.testng.reporters.JUnitReportReporter -->
<testsuite skipped="0" hostname="LAPTOP-3587CAUV" name="testCases.RunnerSignin" tests="4" failures="0" timestamp="2021-08-17T07:19:37 IST" time="82.582" errors="0">
  <testcase name="f" time="9.634" classname="testCases.RunnerSignin"/>
  <testcase name="f" time="38.441" classname="testCases.RunnerSignin"/>
  <testcase name="f" time="22.482" classname="testCases.RunnerSignin"/>
  <testcase name="f" time="12.025" classname="testCases.RunnerSignin"/>
</testsuite> <!-- testCases.RunnerSignin -->
