<?xml version="1.0" encoding="UTF-8"?>
<!-- Generated by org.testng.reporters.JUnitReportReporter -->
<testsuite skipped="0" hostname="LAPTOP-3587CAUV" name="testCases.RunnerSignUp" tests="10" failures="0" timestamp="2021-08-17T07:19:37 IST" time="102.541" errors="0">
  <testcase name="signupTest" time="8.124" classname="testCases.RunnerSignUp"/>
  <testcase name="signupTest" time="8.046" classname="testCases.RunnerSignUp"/>
  <testcase name="signupTest" time="12.487" classname="testCases.RunnerSignUp"/>
  <testcase name="signupTest" time="10.797" classname="testCases.RunnerSignUp"/>
  <testcase name="signupTest" time="12.546" classname="testCases.RunnerSignUp"/>
  <testcase name="signupTest" time="7.842" classname="testCases.RunnerSignUp"/>
  <testcase name="signupTest" time="7.327" classname="testCases.RunnerSignUp"/>
  <testcase name="signupTest" time="14.861" classname="testCases.RunnerSignUp"/>
  <testcase name="signupTest" time="7.692" classname="testCases.RunnerSignUp"/>
  <testcase name="signupTest" time="12.819" classname="testCases.RunnerSignUp"/>
</testsuite> <!-- testCases.RunnerSignUp -->
