<?xml version="1.0" encoding="UTF-8"?>
<!-- Generated by org.testng.reporters.JUnitReportReporter -->
<testsuite skipped="0" hostname="LAPTOP-3587CAUV" name="testing.TestClass" tests="1" failures="0" timestamp="2021-08-12T23:47:16 IST" time="17.925" errors="0">
  <testcase name="f" time="17.925" classname="testing.TestClass"/>
</testsuite> <!-- testing.TestClass -->
