<?xml version="1.0" encoding="UTF-8"?>
<!-- Generated by org.testng.reporters.JUnitReportReporter -->
<testsuite skipped="0" hostname="LAPTOP-3587CAUV" name="testCases.Runner" tests="1" failures="0" timestamp="2021-08-12T17:53:45 IST" time="193.463" errors="0">
  <testcase name="testLogin" time="193.463" classname="testCases.Runner"/>
</testsuite> <!-- testCases.Runner -->
