<?xml version="1.0" encoding="UTF-8"?>
<!-- Generated by org.testng.reporters.JUnitReportReporter -->
<testsuite skipped="0" hostname="LAPTOP-3587CAUV" name="testCases.RunnerReturnFlight" tests="4" failures="0" timestamp="2021-08-17T07:19:37 IST" time="71.240" errors="0">
  <testcase name="f" time="6.814" classname="testCases.RunnerReturnFlight"/>
  <testcase name="f" time="8.190" classname="testCases.RunnerReturnFlight"/>
  <testcase name="f" time="49.713" classname="testCases.RunnerReturnFlight"/>
  <testcase name="f" time="6.523" classname="testCases.RunnerReturnFlight"/>
</testsuite> <!-- testCases.RunnerReturnFlight -->
