<?xml version="1.0" encoding="UTF-8"?>
<!-- Generated by org.testng.reporters.JUnitReportReporter -->
<testsuite skipped="0" hostname="LAPTOP-3587CAUV" name="testCases.RunnerHotelBooking" tests="6" failures="0" timestamp="2021-08-17T07:19:37 IST" time="139.495" errors="0">
  <testcase name="f" time="11.986" classname="testCases.RunnerHotelBooking"/>
  <testcase name="f" time="35.321" classname="testCases.RunnerHotelBooking"/>
  <testcase name="f" time="33.305" classname="testCases.RunnerHotelBooking"/>
  <testcase name="f" time="5.953" classname="testCases.RunnerHotelBooking"/>
  <testcase name="f" time="12.591" classname="testCases.RunnerHotelBooking"/>
  <testcase name="f" time="40.339" classname="testCases.RunnerHotelBooking"/>
</testsuite> <!-- testCases.RunnerHotelBooking -->
